Input recebido: ```json
[
  {
    "tipo_turno": "diurno",
    "hora_inicio": "07:00:00",
    "hora_fim": "19:00:00",
    "data": "2024-11-10",
    "id_func": 42
  },
  {
    "tipo_turno": "diurno",
    "hora_inicio": "07:00:00",
    "hora_fim": "19:00:00",
    "data": "2024-11-12",
    "id_func": 42
  },
  {
    "tipo_turno": "diurno",
    "hora_inicio": "07:00:00",
    "hora_fim": "19:00:00",
    "data": "2024-11-14",
    "id_func": 42
  },
  {
    "tipo_turno": "diurno",
    "hora_inicio": "07:00:00",
    "hora_fim": "19:00:00",
    "data": "2024-11-16",
    "id_func": 42
  },
  {
    "tipo_turno": "diurno",
    "hora_inicio": "07:00:00",
    "hora_fim": "19:00:00",
    "data": "2024-11-18",
    "id_func": 42
  },
  {
    "tipo_turno": "diurno",
    "hora_inicio": "07:00:00",
    "hora_fim": "19:00:00",
    "data": "2024-11-20",
    "id_func": 42
  },
  {
    "tipo_turno": "diurno",
    "hora_inicio": "07:00:00",
    "hora_fim": "19:00:00",
    "data": "2024-11-22",
    "id_func": 42
  },
  {
    "tipo_turno": "diurno",
    "hora_inicio": "07:00:00",
    "hora_fim": "19:00:00",
    "data": "2024-11-24",
    "id_func": 42
  },
  {
    "tipo_turno": "diurno",
    "hora_inicio": "07:00:00",
    "hora_fim": "19:00:00",
    "data": "2024-11-26",
    "id_func": 42
  },
  {
    "tipo_turno": "diurno",
    "hora_inicio": "07:00:00",
    "hora_fim": "19:00:00",
    "data": "2024-11-28",
    "id_func": 42
  },
  {
    "tipo_turno": "diurno",
    "hora_inicio": "07:00:00",
    "hora_fim": "19:00:00",
    "data": "2024-11-30",
    "id_func": 42
  },
  {
    "tipo_turno": "diurno",
    "hora_inicio": "07:00:00",
    "hora_fim": "19:00:00",
    "data": "2024-12-02",
    "id_func": 42
  },
  {
    "tipo_turno": "diurno",
    "hora_inicio": "07:00:00",
    "hora_fim": "19:00:00",
    "data": "2024-12-04",
    "id_func": 42
  },
  {
    "tipo_turno": "diurno",
    "hora_inicio": "07:00:00",
    "hora_fim": "19:00:00",
    "data": "2024-12-06",
    "id_func": 42
  },
  {
    "tipo_turno": "diurno",
    "hora_inicio": "07:00:00",
    "hora_fim": "19:00:00",
    "data": "2024-12-08",
    "id_func": 42
  },
  {
    "tipo_turno": "diurno",
    "hora_inicio": "07:00:00",
    "hora_fim": "19:00:00",
    "data": "2024-12-10",
    "id_func": 42
  },
  {
    "tipo_turno": "diurno",
    "hora_inicio": "07:00:00",
    "hora_fim": "19:00:00",
    "data": "2024-12-12",
    "id_func": 42
  },
  {
    "tipo_turno": "diurno",
    "hora_inicio": "07:00:00",
    "hora_fim": "19:00:00",
    "data": "2024-12-14",
    "id_func": 42
  },
  {
    "tipo_turno": "diurno",
    "hora_inicio": "07:00:00",
    "hora_fim": "19:00:00",
    "data": "2024-12-16",
    "id_func": 42
  },
  {
    "tipo_turno": "diurno",
    "hora_inicio": "07:00:00",
    "hora_fim": "19:00:00",
    "data": "2024-12-18",
    "id_func": 42
  },
  {
    "tipo_turno": "diurno",
    "hora_inicio": "07:00:00",
    "hora_fim": "19:00:00",
    "data": "2024-12-20",
    "id_func": 42
  },
  {
    "tipo_turno": "diurno",
    "hora_inicio": "07:00:00",
    "hora_fim": "19:00:00",
    "data": "2024-12-22",
    "id_func": 42
  },
  {
    "tipo_turno": "diurno",
    "hora_inicio": "07:00:00",
    "hora_fim": "19:00:00",
    "data": "2024-12-24",
    "id_func": 42
  },
  {
    "tipo_turno": "diurno",
    "hora_inicio": "07:00:00",
    "hora_fim": "19:00:00",
    "data": "2024-12-26",
    "id_func": 42
  },
  {
    "tipo_turno": "diurno",
    "hora_inicio": "07:00:00",
    "hora_fim": "19:00:00",
    "data": "2024-12-28",
    "id_func": 42
  },
  {
    "tipo_turno": "diurno",
    "hora_inicio": "07:00:00",
    "hora_fim": "19:00:00",
    "data": "2024-12-30",
    "id_func": 42
  }
]
```
Erro ao decodificar JSON: Syntax error
Input recebido: 
Erro ao decodificar JSON: Syntax error
Input recebido: 
Erro ao decodificar JSON: Syntax error
Input recebido: 
Erro ao decodificar JSON: Syntax error
Input recebido: ```json
[
  {
    "tipo_turno": "noturno",
    "hora_inicio": "19:00:00",
    "hora_fim": "07:00:00",
    "data": "2024-11-10",
    "id_func": 42
  },
  {
    "tipo_turno": "noturno",
    "hora_inicio": "19:00:00",
    "hora_fim": "07:00:00",
    "data": "2024-11-12",
    "id_func": 42
  },
  {
    "tipo_turno": "noturno",
    "hora_inicio": "19:00:00",
    "hora_fim": "07:00:00",
    "data": "2024-11-14",
    "id_func": 42
  },
  {
    "tipo_turno": "noturno",
    "hora_inicio": "19:00:00",
    "hora_fim": "07:00:00",
    "data": "2024-11-16",
    "id_func": 42
  },
  {
    "tipo_turno": "noturno",
    "hora_inicio": "19:00:00",
    "hora_fim": "07:00:00",
    "data": "2024-11-18",
    "id_func": 42
  },
  {
    "tipo_turno": "noturno",
    "hora_inicio": "19:00:00",
    "hora_fim": "07:00:00",
    "data": "2024-11-20",
    "id_func": 42
  },
  {
    "tipo_turno": "noturno",
    "hora_inicio": "19:00:00",
    "hora_fim": "07:00:00",
    "data": "2024-11-22",
    "id_func": 42
  },
  {
    "tipo_turno": "noturno",
    "hora_inicio": "19:00:00",
    "hora_fim": "07:00:00",
    "data": "2024-11-24",
    "id_func": 42
  },
  {
    "tipo_turno": "noturno",
    "hora_inicio": "19:00:00",
    "hora_fim": "07:00:00",
    "data": "2024-11-26",
    "id_func": 42
  },
  {
    "tipo_turno": "noturno",
    "hora_inicio": "19:00:00",
    "hora_fim": "07:00:00",
    "data": "2024-11-28",
    "id_func": 42
  },
  {
    "tipo_turno": "noturno",
    "hora_inicio": "19:00:00",
    "hora_fim": "07:00:00",
    "data": "2024-11-30",
    "id_func": 42
  }
]
```
Erro ao decodificar JSON: Syntax error
Input recebido: ```json
[
  {
    "tipo_turno": "noturno",
    "hora_inicio": "19:00:00",
    "hora_fim": "07:00:00",
    "data": "2024-11-10",
    "id_func": 42
  },
  {
    "tipo_turno": "noturno",
    "hora_inicio": "19:00:00",
    "hora_fim": "07:00:00",
    "data": "2024-11-12",
    "id_func": 42
  },
  {
    "tipo_turno": "noturno",
    "hora_inicio": "19:00:00",
    "hora_fim": "07:00:00",
    "data": "2024-11-14",
    "id_func": 42
  },
  {
    "tipo_turno": "noturno",
    "hora_inicio": "19:00:00",
    "hora_fim": "07:00:00",
    "data": "2024-11-16",
    "id_func": 42
  },
  {
    "tipo_turno": "noturno",
    "hora_inicio": "19:00:00",
    "hora_fim": "07:00:00",
    "data": "2024-11-18",
    "id_func": 42
  },
  {
    "tipo_turno": "noturno",
    "hora_inicio": "19:00:00",
    "hora_fim": "07:00:00",
    "data": "2024-11-20",
    "id_func": 42
  },
  {
    "tipo_turno": "noturno",
    "hora_inicio": "19:00:00",
    "hora_fim": "07:00:00",
    "data": "2024-11-22",
    "id_func": 42
  },
  {
    "tipo_turno": "noturno",
    "hora_inicio": "19:00:00",
    "hora_fim": "07:00:00",
    "data": "2024-11-24",
    "id_func": 42
  },
  {
    "tipo_turno": "noturno",
    "hora_inicio": "19:00:00",
    "hora_fim": "07:00:00",
    "data": "2024-11-26",
    "id_func": 42
  },
  {
    "tipo_turno": "noturno",
    "hora_inicio": "19:00:00",
    "hora_fim": "07:00:00",
    "data": "2024-11-28",
    "id_func": 42
  },
  {
    "tipo_turno": "noturno",
    "hora_inicio": "19:00:00",
    "hora_fim": "07:00:00",
    "data": "2024-11-30",
    "id_func": 42
  }
]
```
Erro ao decodificar JSON: Syntax error
Input recebido: ```json
[
  {
    "tipo_turno": "noturno",
    "hora_inicio": "19:00:00",
    "hora_fim": "07:00:00",
    "data": "2024-11-10",
    "id_func": 42
  },
  {
    "tipo_turno": "noturno",
    "hora_inicio": "19:00:00",
    "hora_fim": "07:00:00",
    "data": "2024-11-12",
    "id_func": 42
  },
  {
    "tipo_turno": "noturno",
    "hora_inicio": "19:00:00",
    "hora_fim": "07:00:00",
    "data": "2024-11-14",
    "id_func": 42
  },
  {
    "tipo_turno": "noturno",
    "hora_inicio": "19:00:00",
    "hora_fim": "07:00:00",
    "data": "2024-11-16",
    "id_func": 42
  },
  {
    "tipo_turno": "noturno",
    "hora_inicio": "19:00:00",
    "hora_fim": "07:00:00",
    "data": "2024-11-18",
    "id_func": 42
  },
  {
    "tipo_turno": "noturno",
    "hora_inicio": "19:00:00",
    "hora_fim": "07:00:00",
    "data": "2024-11-20",
    "id_func": 42
  },
  {
    "tipo_turno": "noturno",
    "hora_inicio": "19:00:00",
    "hora_fim": "07:00:00",
    "data": "2024-11-22",
    "id_func": 42
  },
  {
    "tipo_turno": "noturno",
    "hora_inicio": "19:00:00",
    "hora_fim": "07:00:00",
    "data": "2024-11-24",
    "id_func": 42
  },
  {
    "tipo_turno": "noturno",
    "hora_inicio": "19:00:00",
    "hora_fim": "07:00:00",
    "data": "2024-11-26",
    "id_func": 42
  },
  {
    "tipo_turno": "noturno",
    "hora_inicio": "19:00:00",
    "hora_fim": "07:00:00",
    "data": "2024-11-28",
    "id_func": 42
  },
  {
    "tipo_turno": "noturno",
    "hora_inicio": "19:00:00",
    "hora_fim": "07:00:00",
    "data": "2024-11-30",
    "id_func": 42
  }
]
```
Erro ao decodificar JSON: Syntax error
Input recebido: ```json
[
  {
    "tipo_turno": "noturno",
    "hora_inicio": "19:00:00",
    "hora_fim": "07:00:00",
    "data": "2024-11-10",
    "id_func": 42
  },
  {
    "tipo_turno": "noturno",
    "hora_inicio": "19:00:00",
    "hora_fim": "07:00:00",
    "data": "2024-11-12",
    "id_func": 42
  },
  {
    "tipo_turno": "noturno",
    "hora_inicio": "19:00:00",
    "hora_fim": "07:00:00",
    "data": "2024-11-14",
    "id_func": 42
  },
  {
    "tipo_turno": "noturno",
    "hora_inicio": "19:00:00",
    "hora_fim": "07:00:00",
    "data": "2024-11-16",
    "id_func": 42
  },
  {
    "tipo_turno": "noturno",
    "hora_inicio": "19:00:00",
    "hora_fim": "07:00:00",
    "data": "2024-11-18",
    "id_func": 42
  },
  {
    "tipo_turno": "noturno",
    "hora_inicio": "19:00:00",
    "hora_fim": "07:00:00",
    "data": "2024-11-20",
    "id_func": 42
  },
  {
    "tipo_turno": "noturno",
    "hora_inicio": "19:00:00",
    "hora_fim": "07:00:00",
    "data": "2024-11-22",
    "id_func": 42
  },
  {
    "tipo_turno": "noturno",
    "hora_inicio": "19:00:00",
    "hora_fim": "07:00:00",
    "data": "2024-11-24",
    "id_func": 42
  },
  {
    "tipo_turno": "noturno",
    "hora_inicio": "19:00:00",
    "hora_fim": "07:00:00",
    "data": "2024-11-26",
    "id_func": 42
  },
  {
    "tipo_turno": "noturno",
    "hora_inicio": "19:00:00",
    "hora_fim": "07:00:00",
    "data": "2024-11-28",
    "id_func": 42
  },
  {
    "tipo_turno": "noturno",
    "hora_inicio": "19:00:00",
    "hora_fim": "07:00:00",
    "data": "2024-11-30",
    "id_func": 42
  }
]
```
Erro ao decodificar JSON: Syntax error
Input recebido (raw): ```json
[
  {
    "tipo_turno": "noturno",
    "hora_inicio": "19:00:00",
    "hora_fim": "07:00:00",
    "data": "2024-11-11",
    "id_func": 42
  },
  {
    "tipo_turno": "noturno",
    "hora_inicio": "19:00:00",
    "hora_fim": "07:00:00",
    "data": "2024-11-13",
    "id_func": 42
  },
  {
    "tipo_turno": "noturno",
    "hora_inicio": "19:00:00",
    "hora_fim": "07:00:00",
    "data": "2024-11-15",
    "id_func": 42
  },
  {
    "tipo_turno": "noturno",
    "hora_inicio": "19:00:00",
    "hora_fim": "07:00:00",
    "data": "2024-11-17",
    "id_func": 42
  },
  {
    "tipo_turno": "noturno",
    "hora_inicio": "19:00:00",
    "hora_fim": "07:00:00",
    "data": "2024-11-19",
    "id_func": 42
  },
  {
    "tipo_turno": "noturno",
    "hora_inicio": "19:00:00",
    "hora_fim": "07:00:00",
    "data": "2024-11-21",
    "id_func": 42
  },
  {
    "tipo_turno": "noturno",
    "hora_inicio": "19:00:00",
    "hora_fim": "07:00:00",
    "data": "2024-11-23",
    "id_func": 42
  },
  {
    "tipo_turno": "noturno",
    "hora_inicio": "19:00:00",
    "hora_fim": "07:00:00",
    "data": "2024-11-25",
    "id_func": 42
  },
  {
    "tipo_turno": "noturno",
    "hora_inicio": "19:00:00",
    "hora_fim": "07:00:00",
    "data": "2024-11-27",
    "id_func": 42
  },
  {
    "tipo_turno": "noturno",
    "hora_inicio": "19:00:00",
    "hora_fim": "07:00:00",
    "data": "2024-11-29",
    "id_func": 42
  },
  {
    "tipo_turno": "noturno",
    "hora_inicio": "19:00:00",
    "hora_fim": "07:00:00",
    "data": "2024-12-01",
    "id_func": 42
  },
  {
    "tipo_turno": "noturno",
    "hora_inicio": "19:00:00",
    "hora_fim": "07:00:00",
    "data": "2024-12-03",
    "id_func": 42
  },
  {
    "tipo_turno": "noturno",
    "hora_inicio": "19:00:00",
    "hora_fim": "07:00:00",
    "data": "2024-12-05",
    "id_func": 42
  },
  {
    "tipo_turno": "noturno",
    "hora_inicio": "19:00:00",
    "hora_fim": "07:00:00",
    "data": "2024-12-07",
    "id_func": 42
  },
  {
    "tipo_turno": "noturno",
    "hora_inicio": "19:00:00",
    "hora_fim": "07:00:00",
    "data": "2024-12-09",
    "id_func": 42
  },
  {
    "tipo_turno": "noturno",
    "hora_inicio": "19:00:00",
    "hora_fim": "07:00:00",
    "data": "2024-12-11",
    "id_func": 42
  },
  {
    "tipo_turno": "noturno",
    "hora_inicio": "19:00:00",
    "hora_fim": "07:00:00",
    "data": "2024-12-13",
    "id_func": 42
  },
  {
    "tipo_turno": "noturno",
    "hora_inicio": "19:00:00",
    "hora_fim": "07:00:00",
    "data": "2024-12-15",
    "id_func": 42
  },
  {
    "tipo_turno": "noturno",
    "hora_inicio": "19:00:00",
    "hora_fim": "07:00:00",
    "data": "2024-12-17",
    "id_func": 42
  },
  {
    "tipo_turno": "noturno",
    "hora_inicio": "19:00:00",
    "hora_fim": "07:00:00",
    "data": "2024-12-19",
    "id_func": 42
  },
  {
    "tipo_turno": "noturno",
    "hora_inicio": "19:00:00",
    "hora_fim": "07:00:00",
    "data": "2024-12-21",
    "id_func": 42
  },
  {
    "tipo_turno": "noturno",
    "hora_inicio": "19:00:00",
    "hora_fim": "07:00:00",
    "data": "2024-12-23",
    "id_func": 42
  },
  {
    "tipo_turno": "noturno",
    "hora_inicio": "19:00:00",
    "hora_fim": "07:00:00",
    "data": "2024-12-25",
    "id_func": 42
  },
  {
    "tipo_turno": "noturno",
    "hora_inicio": "19:00:00",
    "hora_fim": "07:00:00",
    "data": "2024-12-27",
    "id_func": 42
  },
  {
    "tipo_turno": "noturno",
    "hora_inicio": "19:00:00",
    "hora_fim": "07:00:00",
    "data": "2024-12-29",
    "id_func": 42
  },
  {
    "tipo_turno": "noturno",
    "hora_inicio": "19:00:00",
    "hora_fim": "07:00:00",
    "data": "2024-12-31",
    "id_func": 42
  }
]
```\nErro ao decodificar JSON: Syntax error\nInput recebido (raw): [{"tipo_turno":"noturno","hora_inicio":"19:00:00","hora_fim":"07:00:00","data":"2024-11-04","id_func":60},{"tipo_turno":"diurno","hora_inicio":"07:00:00","hora_fim":"19:00:00","data":"2024-11-05","id_func":60},{"tipo_turno":"noturno","hora_inicio":"19:00:00","hora_fim":"07:00:00","data":"2024-11-07","id_func":60},{"tipo_turno":"diurno","hora_inicio":"07:00:00","hora_fim":"19:00:00","data":"2024-11-08","id_func":60},{"tipo_turno":"noturno","hora_inicio":"19:00:00","hora_fim":"07:00:00","data":"2024-11-10","id_func":60},{"tipo_turno":"diurno","hora_inicio":"07:00:00","hora_fim":"19:00:00","data":"2024-11-11","id_func":60},{"tipo_turno":"noturno","hora_inicio":"19:00:00","hora_fim":"07:00:00","data":"2024-11-13","id_func":60},{"tipo_turno":"diurno","hora_inicio":"07:00:00","hora_fim":"19:00:00","data":"2024-11-14","id_func":60},{"tipo_turno":"noturno","hora_inicio":"19:00:00","hora_fim":"07:00:00","data":"2024-11-16","id_func":60},{"tipo_turno":"diurno","hora_inicio":"07:00:00","hora_fim":"19:00:00","data":"2024-11-17","id_func":60},{"tipo_turno":"noturno","hora_inicio":"19:00:00","hora_fim":"07:00:00","data":"2024-11-19","id_func":60},{"tipo_turno":"diurno","hora_inicio":"07:00:00","hora_fim":"19:00:00","data":"2024-11-20","id_func":60},{"tipo_turno":"noturno","hora_inicio":"19:00:00","hora_fim":"07:00:00","data":"2024-11-22","id_func":60},{"tipo_turno":"diurno","hora_inicio":"07:00:00","hora_fim":"19:00:00","data":"2024-11-23","id_func":60},{"tipo_turno":"noturno","hora_inicio":"19:00:00","hora_fim":"07:00:00","data":"2024-11-25","id_func":60},{"tipo_turno":"diurno","hora_inicio":"07:00:00","hora_fim":"19:00:00","data":"2024-11-26","id_func":60},{"tipo_turno":"noturno","hora_inicio":"19:00:00","hora_fim":"07:00:00","data":"2024-11-28","id_func":60},{"tipo_turno":"diurno","hora_inicio":"07:00:00","hora_fim":"19:00:00","data":"2024-11-29","id_func":60},{"tipo_turno":"noturno","hora_inicio":"19:00:00","hora_fim":"07:00:00","data":"2024-11-30","id_func":60},{"tipo_turno":"diurno","hora_inicio":"07:00:00","hora_fim":"19:00:00","data":"2024-12-01","id_func":60}]
Input recebido (raw): [{"tipo_turno":"noturno","hora_inicio":"19:00:00","hora_fim":"07:00:00","data":"2024-11-13","id_func":61},{"tipo_turno":"diurno","hora_inicio":"07:00:00","hora_fim":"19:00:00","data":"2024-11-15","id_func":61},{"tipo_turno":"noturno","hora_inicio":"19:00:00","hora_fim":"07:00:00","data":"2024-11-17","id_func":61},{"tipo_turno":"diurno","hora_inicio":"07:00:00","hora_fim":"19:00:00","data":"2024-11-19","id_func":61},{"tipo_turno":"noturno","hora_inicio":"19:00:00","hora_fim":"07:00:00","data":"2024-11-21","id_func":61},{"tipo_turno":"diurno","hora_inicio":"07:00:00","hora_fim":"19:00:00","data":"2024-11-23","id_func":61},{"tipo_turno":"noturno","hora_inicio":"19:00:00","hora_fim":"07:00:00","data":"2024-11-25","id_func":61},{"tipo_turno":"diurno","hora_inicio":"07:00:00","hora_fim":"19:00:00","data":"2024-11-27","id_func":61},{"tipo_turno":"noturno","hora_inicio":"19:00:00","hora_fim":"07:00:00","data":"2024-11-29","id_func":61},{"tipo_turno":"diurno","hora_inicio":"07:00:00","hora_fim":"19:00:00","data":"2024-12-01","id_func":61},{"tipo_turno":"noturno","hora_inicio":"19:00:00","hora_fim":"07:00:00","data":"2024-12-03","id_func":61},{"tipo_turno":"diurno","hora_inicio":"07:00:00","hora_fim":"19:00:00","data":"2024-12-05","id_func":61},{"tipo_turno":"noturno","hora_inicio":"19:00:00","hora_fim":"07:00:00","data":"2024-12-07","id_func":61},{"tipo_turno":"diurno","hora_inicio":"07:00:00","hora_fim":"19:00:00","data":"2024-12-09","id_func":61},{"tipo_turno":"noturno","hora_inicio":"19:00:00","hora_fim":"07:00:00","data":"2024-12-11","id_func":61},{"tipo_turno":"diurno","hora_inicio":"07:00:00","hora_fim":"19:00:00","data":"2024-12-13","id_func":61},{"tipo_turno":"noturno","hora_inicio":"19:00:00","hora_fim":"07:00:00","data":"2024-12-15","id_func":61},{"tipo_turno":"diurno","hora_inicio":"07:00:00","hora_fim":"19:00:00","data":"2024-12-17","id_func":61},{"tipo_turno":"noturno","hora_inicio":"19:00:00","hora_fim":"07:00:00","data":"2024-12-19","id_func":61},{"tipo_turno":"diurno","hora_inicio":"07:00:00","hora_fim":"19:00:00","data":"2024-12-21","id_func":61},{"tipo_turno":"noturno","hora_inicio":"19:00:00","hora_fim":"07:00:00","data":"2024-12-23","id_func":61},{"tipo_turno":"diurno","hora_inicio":"07:00:00","hora_fim":"19:00:00","data":"2024-12-25","id_func":61},{"tipo_turno":"noturno","hora_inicio":"19:00:00","hora_fim":"07:00:00","data":"2024-12-27","id_func":61},{"tipo_turno":"diurno","hora_inicio":"07:00:00","hora_fim":"19:00:00","data":"2024-12-29","id_func":61},{"tipo_turno":"noturno","hora_inicio":"19:00:00","hora_fim":"07:00:00","data":"2024-12-31","id_func":61}]
Input recebido (raw): [{"tipo_turno":"noturno","hora_inicio":"19:00:00","hora_fim":"07:00:00","data":"2024-11-04","id_func":62},{"tipo_turno":"diurno","hora_inicio":"07:00:00","hora_fim":"19:00:00","data":"2024-11-06","id_func":62},{"tipo_turno":"noturno","hora_inicio":"19:00:00","hora_fim":"07:00:00","data":"2024-11-08","id_func":62},{"tipo_turno":"diurno","hora_inicio":"07:00:00","hora_fim":"19:00:00","data":"2024-11-10","id_func":62},{"tipo_turno":"noturno","hora_inicio":"19:00:00","hora_fim":"07:00:00","data":"2024-11-12","id_func":62},{"tipo_turno":"diurno","hora_inicio":"07:00:00","hora_fim":"19:00:00","data":"2024-11-14","id_func":62},{"tipo_turno":"noturno","hora_inicio":"19:00:00","hora_fim":"07:00:00","data":"2024-11-16","id_func":62},{"tipo_turno":"diurno","hora_inicio":"07:00:00","hora_fim":"19:00:00","data":"2024-11-18","id_func":62},{"tipo_turno":"noturno","hora_inicio":"19:00:00","hora_fim":"07:00:00","data":"2024-11-20","id_func":62},{"tipo_turno":"diurno","hora_inicio":"07:00:00","hora_fim":"19:00:00","data":"2024-11-22","id_func":62},{"tipo_turno":"noturno","hora_inicio":"19:00:00","hora_fim":"07:00:00","data":"2024-11-24","id_func":62},{"tipo_turno":"diurno","hora_inicio":"07:00:00","hora_fim":"19:00:00","data":"2024-11-26","id_func":62},{"tipo_turno":"noturno","hora_inicio":"19:00:00","hora_fim":"07:00:00","data":"2024-11-28","id_func":62},{"tipo_turno":"diurno","hora_inicio":"07:00:00","hora_fim":"19:00:00","data":"2024-11-30","id_func":62},{"tipo_turno":"noturno","hora_inicio":"19:00:00","hora_fim":"07:00:00","data":"2024-12-01","id_func":62},{"tipo_turno":"diurno","hora_inicio":"07:00:00","hora_fim":"19:00:00","data":"2024-12-03","id_func":62},{"tipo_turno":"noturno","hora_inicio":"19:00:00","hora_fim":"07:00:00","data":"2024-12-05","id_func":62},{"tipo_turno":"diurno","hora_inicio":"07:00:00","hora_fim":"19:00:00","data":"2024-12-07","id_func":62},{"tipo_turno":"noturno","hora_inicio":"19:00:00","hora_fim":"07:00:00","data":"2024-12-09","id_func":62},{"tipo_turno":"diurno","hora_inicio":"07:00:00","hora_fim":"19:00:00","data":"2024-12-11","id_func":62},{"tipo_turno":"noturno","hora_inicio":"19:00:00","hora_fim":"07:00:00","data":"2024-12-13","id_func":62},{"tipo_turno":"diurno","hora_inicio":"07:00:00","hora_fim":"19:00:00","data":"2024-12-15","id_func":62},{"tipo_turno":"noturno","hora_inicio":"19:00:00","hora_fim":"07:00:00","data":"2024-12-17","id_func":62},{"tipo_turno":"diurno","hora_inicio":"07:00:00","hora_fim":"19:00:00","data":"2024-12-19","id_func":62},{"tipo_turno":"noturno","hora_inicio":"19:00:00","hora_fim":"07:00:00","data":"2024-12-21","id_func":62},{"tipo_turno":"diurno","hora_inicio":"07:00:00","hora_fim":"19:00:00","data":"2024-12-23","id_func":62},{"tipo_turno":"noturno","hora_inicio":"19:00:00","hora_fim":"07:00:00","data":"2024-12-25","id_func":62},{"tipo_turno":"diurno","hora_inicio":"07:00:00","hora_fim":"19:00:00","data":"2024-12-27","id_func":62},{"tipo_turno":"noturno","hora_inicio":"19:00:00","hora_fim":"07:00:00","data":"2024-12-29","id_func":62},{"tipo_turno":"diurno","hora_inicio":"07:00:00","hora_fim":"19:00:00","data":"2024-12-31","id_func":62}]
Input recebido (raw): [{"tipo_turno":"noturno","hora_inicio":"19:00:00","hora_fim":"07:00:00","data":"2024-11-04","id_func":64},{"tipo_turno":"noturno","hora_inicio":"19:00:00","hora_fim":"07:00:00","data":"2024-11-06","id_func":64},{"tipo_turno":"noturno","hora_inicio":"19:00:00","hora_fim":"07:00:00","data":"2024-11-08","id_func":64},{"tipo_turno":"noturno","hora_inicio":"19:00:00","hora_fim":"07:00:00","data":"2024-11-10","id_func":64},{"tipo_turno":"noturno","hora_inicio":"19:00:00","hora_fim":"07:00:00","data":"2024-11-12","id_func":64},{"tipo_turno":"noturno","hora_inicio":"19:00:00","hora_fim":"07:00:00","data":"2024-11-14","id_func":64},{"tipo_turno":"noturno","hora_inicio":"19:00:00","hora_fim":"07:00:00","data":"2024-11-16","id_func":64},{"tipo_turno":"noturno","hora_inicio":"19:00:00","hora_fim":"07:00:00","data":"2024-11-18","id_func":64},{"tipo_turno":"noturno","hora_inicio":"19:00:00","hora_fim":"07:00:00","data":"2024-11-20","id_func":64},{"tipo_turno":"noturno","hora_inicio":"19:00:00","hora_fim":"07:00:00","data":"2024-11-22","id_func":64},{"tipo_turno":"noturno","hora_inicio":"19:00:00","hora_fim":"07:00:00","data":"2024-11-24","id_func":64},{"tipo_turno":"noturno","hora_inicio":"19:00:00","hora_fim":"07:00:00","data":"2024-11-26","id_func":64},{"tipo_turno":"noturno","hora_inicio":"19:00:00","hora_fim":"07:00:00","data":"2024-11-28","id_func":64},{"tipo_turno":"noturno","hora_inicio":"19:00:00","hora_fim":"07:00:00","data":"2024-11-30","id_func":64}]
Input recebido (raw): [{"tipo_turno":"noturno","hora_inicio":"19:00:00","hora_fim":"07:00:00","data":"2024-11-20","id_func":65},{"tipo_turno":"noturno","hora_inicio":"19:00:00","hora_fim":"07:00:00","data":"2024-11-21","id_func":65},{"tipo_turno":"noturno","hora_inicio":"19:00:00","hora_fim":"07:00:00","data":"2024-11-22","id_func":65},{"tipo_turno":"noturno","hora_inicio":"19:00:00","hora_fim":"07:00:00","data":"2024-11-23","id_func":65},{"tipo_turno":"noturno","hora_inicio":"19:00:00","hora_fim":"07:00:00","data":"2024-11-24","id_func":65},{"tipo_turno":"noturno","hora_inicio":"19:00:00","hora_fim":"07:00:00","data":"2024-11-25","id_func":65},{"tipo_turno":"noturno","hora_inicio":"19:00:00","hora_fim":"07:00:00","data":"2024-11-26","id_func":65},{"tipo_turno":"noturno","hora_inicio":"19:00:00","hora_fim":"07:00:00","data":"2024-11-27","id_func":65},{"tipo_turno":"noturno","hora_inicio":"19:00:00","hora_fim":"07:00:00","data":"2024-11-28","id_func":65},{"tipo_turno":"noturno","hora_inicio":"19:00:00","hora_fim":"07:00:00","data":"2024-11-29","id_func":65},{"tipo_turno":"noturno","hora_inicio":"19:00:00","hora_fim":"07:00:00","data":"2024-11-30","id_func":65}]
Input recebido (raw): [{"tipo_turno":"noturno","hora_inicio":"19:00:00","hora_fim":"07:00:00","data":"2024-11-19","id_func":66},{"tipo_turno":"noturno","hora_inicio":"19:00:00","hora_fim":"07:00:00","data":"2024-11-21","id_func":66},{"tipo_turno":"noturno","hora_inicio":"19:00:00","hora_fim":"07:00:00","data":"2024-11-23","id_func":66},{"tipo_turno":"noturno","hora_inicio":"19:00:00","hora_fim":"07:00:00","data":"2024-11-25","id_func":66},{"tipo_turno":"noturno","hora_inicio":"19:00:00","hora_fim":"07:00:00","data":"2024-11-27","id_func":66},{"tipo_turno":"noturno","hora_inicio":"19:00:00","hora_fim":"07:00:00","data":"2024-11-29","id_func":66},{"tipo_turno":"noturno","hora_inicio":"19:00:00","hora_fim":"07:00:00","data":"2024-11-30","id_func":66}]
Input recebido (raw): [{"tipo_turno":"noturno","hora_inicio":"19:00:00","hora_fim":"07:00:00","data":"2024-11-17","id_func":67},{"tipo_turno":"diurno","hora_inicio":"07:00:00","hora_fim":"19:00:00","data":"2024-11-19","id_func":67},{"tipo_turno":"noturno","hora_inicio":"19:00:00","hora_fim":"07:00:00","data":"2024-11-21","id_func":67},{"tipo_turno":"diurno","hora_inicio":"07:00:00","hora_fim":"19:00:00","data":"2024-11-23","id_func":67},{"tipo_turno":"noturno","hora_inicio":"19:00:00","hora_fim":"07:00:00","data":"2024-11-25","id_func":67},{"tipo_turno":"diurno","hora_inicio":"07:00:00","hora_fim":"19:00:00","data":"2024-11-27","id_func":67},{"tipo_turno":"noturno","hora_inicio":"19:00:00","hora_fim":"07:00:00","data":"2024-11-29","id_func":67}]
Input recebido (raw): [{"tipo_turno":"noturno","hora_inicio":"19:00:00","hora_fim":"07:00:00","data":"2024-11-05","id_func":68},{"tipo_turno":"noturno","hora_inicio":"19:00:00","hora_fim":"07:00:00","data":"2024-11-07","id_func":68},{"tipo_turno":"noturno","hora_inicio":"19:00:00","hora_fim":"07:00:00","data":"2024-11-09","id_func":68},{"tipo_turno":"noturno","hora_inicio":"19:00:00","hora_fim":"07:00:00","data":"2024-11-11","id_func":68},{"tipo_turno":"noturno","hora_inicio":"19:00:00","hora_fim":"07:00:00","data":"2024-11-13","id_func":68},{"tipo_turno":"noturno","hora_inicio":"19:00:00","hora_fim":"07:00:00","data":"2024-11-15","id_func":68},{"tipo_turno":"noturno","hora_inicio":"19:00:00","hora_fim":"07:00:00","data":"2024-11-17","id_func":68},{"tipo_turno":"noturno","hora_inicio":"19:00:00","hora_fim":"07:00:00","data":"2024-11-19","id_func":68},{"tipo_turno":"noturno","hora_inicio":"19:00:00","hora_fim":"07:00:00","data":"2024-11-21","id_func":68},{"tipo_turno":"noturno","hora_inicio":"19:00:00","hora_fim":"07:00:00","data":"2024-11-23","id_func":68},{"tipo_turno":"noturno","hora_inicio":"19:00:00","hora_fim":"07:00:00","data":"2024-11-25","id_func":68},{"tipo_turno":"noturno","hora_inicio":"19:00:00","hora_fim":"07:00:00","data":"2024-11-27","id_func":68},{"tipo_turno":"noturno","hora_inicio":"19:00:00","hora_fim":"07:00:00","data":"2024-11-29","id_func":68}]
Input recebido (raw): [{"tipo_turno":"diurno","hora_inicio":"07:00:00","hora_fim":"19:00:00","data":"2024-11-06","id_func":42},{"tipo_turno":"diurno","hora_inicio":"07:00:00","hora_fim":"19:00:00","data":"2024-11-08","id_func":42},{"tipo_turno":"diurno","hora_inicio":"07:00:00","hora_fim":"19:00:00","data":"2024-11-10","id_func":42},{"tipo_turno":"diurno","hora_inicio":"07:00:00","hora_fim":"19:00:00","data":"2024-11-12","id_func":42},{"tipo_turno":"diurno","hora_inicio":"07:00:00","hora_fim":"19:00:00","data":"2024-11-14","id_func":42},{"tipo_turno":"diurno","hora_inicio":"07:00:00","hora_fim":"19:00:00","data":"2024-11-16","id_func":42},{"tipo_turno":"diurno","hora_inicio":"07:00:00","hora_fim":"19:00:00","data":"2024-11-18","id_func":42},{"tipo_turno":"diurno","hora_inicio":"07:00:00","hora_fim":"19:00:00","data":"2024-11-20","id_func":42},{"tipo_turno":"diurno","hora_inicio":"07:00:00","hora_fim":"19:00:00","data":"2024-11-22","id_func":42},{"tipo_turno":"diurno","hora_inicio":"07:00:00","hora_fim":"19:00:00","data":"2024-11-24","id_func":42},{"tipo_turno":"diurno","hora_inicio":"07:00:00","hora_fim":"19:00:00","data":"2024-11-26","id_func":42},{"tipo_turno":"diurno","hora_inicio":"07:00:00","hora_fim":"19:00:00","data":"2024-11-28","id_func":42},{"tipo_turno":"diurno","hora_inicio":"07:00:00","hora_fim":"19:00:00","data":"2024-11-30","id_func":42}]
Input recebido (raw): [{"tipo_turno":"diurno","hora_inicio":"07:00:00","hora_fim":"19:00:00","data":"2024-11-15","id_func":42},{"tipo_turno":"diurno","hora_inicio":"07:00:00","hora_fim":"19:00:00","data":"2024-11-17","id_func":42},{"tipo_turno":"diurno","hora_inicio":"07:00:00","hora_fim":"19:00:00","data":"2024-11-19","id_func":42},{"tipo_turno":"diurno","hora_inicio":"07:00:00","hora_fim":"19:00:00","data":"2024-11-21","id_func":42},{"tipo_turno":"diurno","hora_inicio":"07:00:00","hora_fim":"19:00:00","data":"2024-11-23","id_func":42},{"tipo_turno":"diurno","hora_inicio":"07:00:00","hora_fim":"19:00:00","data":"2024-11-25","id_func":42},{"tipo_turno":"diurno","hora_inicio":"07:00:00","hora_fim":"19:00:00","data":"2024-11-27","id_func":42},{"tipo_turno":"diurno","hora_inicio":"07:00:00","hora_fim":"19:00:00","data":"2024-11-29","id_func":42}]
Input recebido (raw): [{"tipo_turno":"diurno","hora_inicio":"07:00:00","hora_fim":"19:00:00","data":"2024-11-11","id_func":42},{"tipo_turno":"diurno","hora_inicio":"07:00:00","hora_fim":"19:00:00","data":"2024-11-13","id_func":42},{"tipo_turno":"diurno","hora_inicio":"07:00:00","hora_fim":"19:00:00","data":"2024-11-15","id_func":42},{"tipo_turno":"diurno","hora_inicio":"07:00:00","hora_fim":"19:00:00","data":"2024-11-17","id_func":42},{"tipo_turno":"diurno","hora_inicio":"07:00:00","hora_fim":"19:00:00","data":"2024-11-19","id_func":42},{"tipo_turno":"diurno","hora_inicio":"07:00:00","hora_fim":"19:00:00","data":"2024-11-21","id_func":42},{"tipo_turno":"diurno","hora_inicio":"07:00:00","hora_fim":"19:00:00","data":"2024-11-23","id_func":42},{"tipo_turno":"diurno","hora_inicio":"07:00:00","hora_fim":"19:00:00","data":"2024-11-25","id_func":42},{"tipo_turno":"diurno","hora_inicio":"07:00:00","hora_fim":"19:00:00","data":"2024-11-27","id_func":42},{"tipo_turno":"diurno","hora_inicio":"07:00:00","hora_fim":"19:00:00","data":"2024-11-29","id_func":42}]
Input recebido (raw): [{"tipo_turno":"noturno","hora_inicio":"19:00:00","hora_fim":"07:00:00","data":"2024-11-10","id_func":42},{"tipo_turno":"noturno","hora_inicio":"19:00:00","hora_fim":"07:00:00","data":"2024-11-12","id_func":42},{"tipo_turno":"noturno","hora_inicio":"19:00:00","hora_fim":"07:00:00","data":"2024-11-14","id_func":42},{"tipo_turno":"noturno","hora_inicio":"19:00:00","hora_fim":"07:00:00","data":"2024-11-16","id_func":42},{"tipo_turno":"noturno","hora_inicio":"19:00:00","hora_fim":"07:00:00","data":"2024-11-18","id_func":42},{"tipo_turno":"noturno","hora_inicio":"19:00:00","hora_fim":"07:00:00","data":"2024-11-20","id_func":42},{"tipo_turno":"noturno","hora_inicio":"19:00:00","hora_fim":"07:00:00","data":"2024-11-22","id_func":42},{"tipo_turno":"noturno","hora_inicio":"19:00:00","hora_fim":"07:00:00","data":"2024-11-24","id_func":42},{"tipo_turno":"noturno","hora_inicio":"19:00:00","hora_fim":"07:00:00","data":"2024-11-26","id_func":42},{"tipo_turno":"noturno","hora_inicio":"19:00:00","hora_fim":"07:00:00","data":"2024-11-28","id_func":42},{"tipo_turno":"noturno","hora_inicio":"19:00:00","hora_fim":"07:00:00","data":"2024-11-30","id_func":42}]
Input recebido (raw): [{"tipo_turno":"diurno","hora_inicio":"07:00:00","hora_fim":"19:00:00","data":"2024-11-15","id_func":42},{"tipo_turno":"diurno","hora_inicio":"07:00:00","hora_fim":"19:00:00","data":"2024-11-17","id_func":42},{"tipo_turno":"diurno","hora_inicio":"07:00:00","hora_fim":"19:00:00","data":"2024-11-19","id_func":42},{"tipo_turno":"diurno","hora_inicio":"07:00:00","hora_fim":"19:00:00","data":"2024-11-21","id_func":42},{"tipo_turno":"diurno","hora_inicio":"07:00:00","hora_fim":"19:00:00","data":"2024-11-23","id_func":42},{"tipo_turno":"diurno","hora_inicio":"07:00:00","hora_fim":"19:00:00","data":"2024-11-25","id_func":42},{"tipo_turno":"diurno","hora_inicio":"07:00:00","hora_fim":"19:00:00","data":"2024-11-27","id_func":42},{"tipo_turno":"diurno","hora_inicio":"07:00:00","hora_fim":"19:00:00","data":"2024-11-29","id_func":42},{"tipo_turno":"diurno","hora_inicio":"07:00:00","hora_fim":"19:00:00","data":"2024-12-01","id_func":42},{"tipo_turno":"diurno","hora_inicio":"07:00:00","hora_fim":"19:00:00","data":"2024-12-03","id_func":42},{"tipo_turno":"diurno","hora_inicio":"07:00:00","hora_fim":"19:00:00","data":"2024-12-05","id_func":42},{"tipo_turno":"diurno","hora_inicio":"07:00:00","hora_fim":"19:00:00","data":"2024-12-07","id_func":42},{"tipo_turno":"diurno","hora_inicio":"07:00:00","hora_fim":"19:00:00","data":"2024-12-09","id_func":42},{"tipo_turno":"diurno","hora_inicio":"07:00:00","hora_fim":"19:00:00","data":"2024-12-11","id_func":42},{"tipo_turno":"diurno","hora_inicio":"07:00:00","hora_fim":"19:00:00","data":"2024-12-13","id_func":42},{"tipo_turno":"diurno","hora_inicio":"07:00:00","hora_fim":"19:00:00","data":"2024-12-15","id_func":42},{"tipo_turno":"diurno","hora_inicio":"07:00:00","hora_fim":"19:00:00","data":"2024-12-17","id_func":42},{"tipo_turno":"diurno","hora_inicio":"07:00:00","hora_fim":"19:00:00","data":"2024-12-19","id_func":42},{"tipo_turno":"diurno","hora_inicio":"07:00:00","hora_fim":"19:00:00","data":"2024-12-21","id_func":42},{"tipo_turno":"diurno","hora_inicio":"07:00:00","hora_fim":"19:00:00","data":"2024-12-23","id_func":42},{"tipo_turno":"diurno","hora_inicio":"07:00:00","hora_fim":"19:00:00","data":"2024-12-25","id_func":42},{"tipo_turno":"diurno","hora_inicio":"07:00:00","hora_fim":"19:00:00","data":"2024-12-27","id_func":42},{"tipo_turno":"diurno","hora_inicio":"07:00:00","hora_fim":"19:00:00","data":"2024-12-29","id_func":42},{"tipo_turno":"diurno","hora_inicio":"07:00:00","hora_fim":"19:00:00","data":"2024-12-31","id_func":42},{"tipo_turno":"diurno","hora_inicio":"07:00:00","hora_fim":"19:00:00","data":"2025-01-02","id_func":42},{"tipo_turno":"diurno","hora_inicio":"07:00:00","hora_fim":"19:00:00","data":"2025-01-04","id_func":42},{"tipo_turno":"diurno","hora_inicio":"07:00:00","hora_fim":"19:00:00","data":"2025-01-06","id_func":42},{"tipo_turno":"diurno","hora_inicio":"07:00:00","hora_fim":"19:00:00","data":"2025-01-08","id_func":42},{"tipo_turno":"diurno","hora_inicio":"07:00:00","hora_fim":"19:00:00","data":"2025-01-10","id_func":42},{"tipo_turno":"diurno","hora_inicio":"07:00:00","hora_fim":"19:00:00","data":"2025-01-12","id_func":42},{"tipo_turno":"diurno","hora_inicio":"07:00:00","hora_fim":"19:00:00","data":"2025-01-14","id_func":42},{"tipo_turno":"diurno","hora_inicio":"07:00:00","hora_fim":"19:00:00","data":"2025-01-16","id_func":42},{"tipo_turno":"diurno","hora_inicio":"07:00:00","hora_fim":"19:00:00","data":"2025-01-18","id_func":42},{"tipo_turno":"diurno","hora_inicio":"07:00:00","hora_fim":"19:00:00","data":"2025-01-20","id_func":42},{"tipo_turno":"diurno","hora_inicio":"07:00:00","hora_fim":"19:00:00","data":"2025-01-22","id_func":42},{"tipo_turno":"diurno","hora_inicio":"07:00:00","hora_fim":"19:00:00","data":"2025-01-24","id_func":42},{"tipo_turno":"diurno","hora_inicio":"07:00:00","hora_fim":"19:00:00","data":"2025-01-26","id_func":42},{"tipo_turno":"diurno","hora_inicio":"07:00:00","hora_fim":"19:00:00","data":"2025-01-28","id_func":42},{"tipo_turno":"diurno","hora_inicio":"07:00:00","hora_fim":"19:00:00","data":"2025-01-30","id_func":42}]
Input recebido (raw): [{"tipo_turno":"diurno","hora_inicio":"07:00:00","hora_fim":"19:00:00","data":"2024-12-01","id_func":44},{"tipo_turno":"diurno","hora_inicio":"07:00:00","hora_fim":"19:00:00","data":"2024-12-03","id_func":44},{"tipo_turno":"diurno","hora_inicio":"07:00:00","hora_fim":"19:00:00","data":"2024-12-05","id_func":44},{"tipo_turno":"diurno","hora_inicio":"07:00:00","hora_fim":"19:00:00","data":"2024-12-07","id_func":44},{"tipo_turno":"diurno","hora_inicio":"07:00:00","hora_fim":"19:00:00","data":"2024-12-09","id_func":44},{"tipo_turno":"diurno","hora_inicio":"07:00:00","hora_fim":"19:00:00","data":"2024-12-11","id_func":44},{"tipo_turno":"diurno","hora_inicio":"07:00:00","hora_fim":"19:00:00","data":"2024-12-13","id_func":44},{"tipo_turno":"diurno","hora_inicio":"07:00:00","hora_fim":"19:00:00","data":"2024-12-15","id_func":44},{"tipo_turno":"diurno","hora_inicio":"07:00:00","hora_fim":"19:00:00","data":"2024-12-17","id_func":44},{"tipo_turno":"diurno","hora_inicio":"07:00:00","hora_fim":"19:00:00","data":"2024-12-19","id_func":44},{"tipo_turno":"diurno","hora_inicio":"07:00:00","hora_fim":"19:00:00","data":"2024-12-21","id_func":44},{"tipo_turno":"diurno","hora_inicio":"07:00:00","hora_fim":"19:00:00","data":"2024-12-23","id_func":44},{"tipo_turno":"diurno","hora_inicio":"07:00:00","hora_fim":"19:00:00","data":"2024-12-25","id_func":44},{"tipo_turno":"diurno","hora_inicio":"07:00:00","hora_fim":"19:00:00","data":"2024-12-27","id_func":44},{"tipo_turno":"diurno","hora_inicio":"07:00:00","hora_fim":"19:00:00","data":"2024-12-29","id_func":44},{"tipo_turno":"diurno","hora_inicio":"07:00:00","hora_fim":"19:00:00","data":"2024-12-31","id_func":44},{"tipo_turno":"diurno","hora_inicio":"07:00:00","hora_fim":"19:00:00","data":"2025-01-02","id_func":44},{"tipo_turno":"diurno","hora_inicio":"07:00:00","hora_fim":"19:00:00","data":"2025-01-04","id_func":44},{"tipo_turno":"diurno","hora_inicio":"07:00:00","hora_fim":"19:00:00","data":"2025-01-06","id_func":44},{"tipo_turno":"diurno","hora_inicio":"07:00:00","hora_fim":"19:00:00","data":"2025-01-08","id_func":44},{"tipo_turno":"diurno","hora_inicio":"07:00:00","hora_fim":"19:00:00","data":"2025-01-10","id_func":44},{"tipo_turno":"diurno","hora_inicio":"07:00:00","hora_fim":"19:00:00","data":"2025-01-12","id_func":44},{"tipo_turno":"diurno","hora_inicio":"07:00:00","hora_fim":"19:00:00","data":"2025-01-14","id_func":44},{"tipo_turno":"diurno","hora_inicio":"07:00:00","hora_fim":"19:00:00","data":"2025-01-16","id_func":44},{"tipo_turno":"diurno","hora_inicio":"07:00:00","hora_fim":"19:00:00","data":"2025-01-18","id_func":44},{"tipo_turno":"diurno","hora_inicio":"07:00:00","hora_fim":"19:00:00","data":"2025-01-20","id_func":44},{"tipo_turno":"diurno","hora_inicio":"07:00:00","hora_fim":"19:00:00","data":"2025-01-22","id_func":44},{"tipo_turno":"diurno","hora_inicio":"07:00:00","hora_fim":"19:00:00","data":"2025-01-24","id_func":44},{"tipo_turno":"diurno","hora_inicio":"07:00:00","hora_fim":"19:00:00","data":"2025-01-26","id_func":44},{"tipo_turno":"diurno","hora_inicio":"07:00:00","hora_fim":"19:00:00","data":"2025-01-28","id_func":44},{"tipo_turno":"diurno","hora_inicio":"07:00:00","hora_fim":"19:00:00","data":"2025-01-30","id_func":44}]
Input recebido (raw): [{"tipo_turno":"diurno","hora_inicio":"07:00:00","hora_fim":"19:00:00","data":"2024-11-01","id_func":44},{"tipo_turno":"diurno","hora_inicio":"07:00:00","hora_fim":"19:00:00","data":"2024-11-03","id_func":44},{"tipo_turno":"diurno","hora_inicio":"07:00:00","hora_fim":"19:00:00","data":"2024-11-05","id_func":44},{"tipo_turno":"diurno","hora_inicio":"07:00:00","hora_fim":"19:00:00","data":"2024-11-07","id_func":44},{"tipo_turno":"diurno","hora_inicio":"07:00:00","hora_fim":"19:00:00","data":"2024-11-09","id_func":44},{"tipo_turno":"diurno","hora_inicio":"07:00:00","hora_fim":"19:00:00","data":"2024-11-11","id_func":44},{"tipo_turno":"diurno","hora_inicio":"07:00:00","hora_fim":"19:00:00","data":"2024-11-13","id_func":44},{"tipo_turno":"diurno","hora_inicio":"07:00:00","hora_fim":"19:00:00","data":"2024-11-15","id_func":44},{"tipo_turno":"diurno","hora_inicio":"07:00:00","hora_fim":"19:00:00","data":"2024-11-17","id_func":44},{"tipo_turno":"diurno","hora_inicio":"07:00:00","hora_fim":"19:00:00","data":"2024-11-19","id_func":44},{"tipo_turno":"diurno","hora_inicio":"07:00:00","hora_fim":"19:00:00","data":"2024-11-21","id_func":44},{"tipo_turno":"diurno","hora_inicio":"07:00:00","hora_fim":"19:00:00","data":"2024-11-23","id_func":44},{"tipo_turno":"diurno","hora_inicio":"07:00:00","hora_fim":"19:00:00","data":"2024-11-25","id_func":44},{"tipo_turno":"diurno","hora_inicio":"07:00:00","hora_fim":"19:00:00","data":"2024-11-27","id_func":44},{"tipo_turno":"diurno","hora_inicio":"07:00:00","hora_fim":"19:00:00","data":"2024-11-29","id_func":44},{"tipo_turno":"diurno","hora_inicio":"07:00:00","hora_fim":"19:00:00","data":"2024-12-01","id_func":44},{"tipo_turno":"diurno","hora_inicio":"07:00:00","hora_fim":"19:00:00","data":"2024-12-03","id_func":44},{"tipo_turno":"diurno","hora_inicio":"07:00:00","hora_fim":"19:00:00","data":"2024-12-05","id_func":44},{"tipo_turno":"diurno","hora_inicio":"07:00:00","hora_fim":"19:00:00","data":"2024-12-07","id_func":44},{"tipo_turno":"diurno","hora_inicio":"07:00:00","hora_fim":"19:00:00","data":"2024-12-09","id_func":44},{"tipo_turno":"diurno","hora_inicio":"07:00:00","hora_fim":"19:00:00","data":"2024-12-11","id_func":44},{"tipo_turno":"diurno","hora_inicio":"07:00:00","hora_fim":"19:00:00","data":"2024-12-13","id_func":44},{"tipo_turno":"diurno","hora_inicio":"07:00:00","hora_fim":"19:00:00","data":"2024-12-15","id_func":44},{"tipo_turno":"diurno","hora_inicio":"07:00:00","hora_fim":"19:00:00","data":"2024-12-17","id_func":44},{"tipo_turno":"diurno","hora_inicio":"07:00:00","hora_fim":"19:00:00","data":"2024-12-19","id_func":44},{"tipo_turno":"diurno","hora_inicio":"07:00:00","hora_fim":"19:00:00","data":"2024-12-21","id_func":44},{"tipo_turno":"diurno","hora_inicio":"07:00:00","hora_fim":"19:00:00","data":"2024-12-23","id_func":44},{"tipo_turno":"diurno","hora_inicio":"07:00:00","hora_fim":"19:00:00","data":"2024-12-25","id_func":44},{"tipo_turno":"diurno","hora_inicio":"07:00:00","hora_fim":"19:00:00","data":"2024-12-27","id_func":44},{"tipo_turno":"diurno","hora_inicio":"07:00:00","hora_fim":"19:00:00","data":"2024-12-29","id_func":44},{"tipo_turno":"diurno","hora_inicio":"07:00:00","hora_fim":"19:00:00","data":"2024-12-31","id_func":44}]
Input recebido (raw): [{"tipo_turno":"diurno","hora_inicio":"07:00:00","hora_fim":"19:00:00","data":"2024-10-15","id_func":42},{"tipo_turno":"diurno","hora_inicio":"07:00:00","hora_fim":"19:00:00","data":"2024-10-17","id_func":42},{"tipo_turno":"diurno","hora_inicio":"07:00:00","hora_fim":"19:00:00","data":"2024-10-19","id_func":42},{"tipo_turno":"diurno","hora_inicio":"07:00:00","hora_fim":"19:00:00","data":"2024-10-21","id_func":42},{"tipo_turno":"diurno","hora_inicio":"07:00:00","hora_fim":"19:00:00","data":"2024-10-23","id_func":42},{"tipo_turno":"diurno","hora_inicio":"07:00:00","hora_fim":"19:00:00","data":"2024-10-25","id_func":42},{"tipo_turno":"diurno","hora_inicio":"07:00:00","hora_fim":"19:00:00","data":"2024-10-27","id_func":42},{"tipo_turno":"diurno","hora_inicio":"07:00:00","hora_fim":"19:00:00","data":"2024-10-29","id_func":42},{"tipo_turno":"diurno","hora_inicio":"07:00:00","hora_fim":"19:00:00","data":"2024-10-31","id_func":42},{"tipo_turno":"diurno","hora_inicio":"07:00:00","hora_fim":"19:00:00","data":"2024-11-02","id_func":42},{"tipo_turno":"diurno","hora_inicio":"07:00:00","hora_fim":"19:00:00","data":"2024-11-04","id_func":42},{"tipo_turno":"diurno","hora_inicio":"07:00:00","hora_fim":"19:00:00","data":"2024-11-06","id_func":42},{"tipo_turno":"diurno","hora_inicio":"07:00:00","hora_fim":"19:00:00","data":"2024-11-08","id_func":42},{"tipo_turno":"diurno","hora_inicio":"07:00:00","hora_fim":"19:00:00","data":"2024-11-10","id_func":42},{"tipo_turno":"diurno","hora_inicio":"07:00:00","hora_fim":"19:00:00","data":"2024-11-12","id_func":42},{"tipo_turno":"diurno","hora_inicio":"07:00:00","hora_fim":"19:00:00","data":"2024-11-14","id_func":42},{"tipo_turno":"diurno","hora_inicio":"07:00:00","hora_fim":"19:00:00","data":"2024-11-16","id_func":42},{"tipo_turno":"diurno","hora_inicio":"07:00:00","hora_fim":"19:00:00","data":"2024-11-18","id_func":42},{"tipo_turno":"diurno","hora_inicio":"07:00:00","hora_fim":"19:00:00","data":"2024-11-20","id_func":42},{"tipo_turno":"diurno","hora_inicio":"07:00:00","hora_fim":"19:00:00","data":"2024-11-22","id_func":42},{"tipo_turno":"diurno","hora_inicio":"07:00:00","hora_fim":"19:00:00","data":"2024-11-24","id_func":42},{"tipo_turno":"diurno","hora_inicio":"07:00:00","hora_fim":"19:00:00","data":"2024-11-26","id_func":42},{"tipo_turno":"diurno","hora_inicio":"07:00:00","hora_fim":"19:00:00","data":"2024-11-28","id_func":42},{"tipo_turno":"diurno","hora_inicio":"07:00:00","hora_fim":"19:00:00","data":"2024-11-30","id_func":42}]
Input recebido (raw): [{"tipo_turno":"diurno","hora_inicio":"07:00:00","hora_fim":"19:00:00","data":"2024-10-16","id_func":44},{"tipo_turno":"diurno","hora_inicio":"07:00:00","hora_fim":"19:00:00","data":"2024-10-18","id_func":44},{"tipo_turno":"diurno","hora_inicio":"07:00:00","hora_fim":"19:00:00","data":"2024-10-20","id_func":44},{"tipo_turno":"diurno","hora_inicio":"07:00:00","hora_fim":"19:00:00","data":"2024-10-22","id_func":44},{"tipo_turno":"diurno","hora_inicio":"07:00:00","hora_fim":"19:00:00","data":"2024-10-24","id_func":44},{"tipo_turno":"diurno","hora_inicio":"07:00:00","hora_fim":"19:00:00","data":"2024-10-26","id_func":44},{"tipo_turno":"diurno","hora_inicio":"07:00:00","hora_fim":"19:00:00","data":"2024-10-28","id_func":44},{"tipo_turno":"diurno","hora_inicio":"07:00:00","hora_fim":"19:00:00","data":"2024-10-30","id_func":44},{"tipo_turno":"diurno","hora_inicio":"07:00:00","hora_fim":"19:00:00","data":"2024-11-01","id_func":44},{"tipo_turno":"diurno","hora_inicio":"07:00:00","hora_fim":"19:00:00","data":"2024-11-03","id_func":44},{"tipo_turno":"diurno","hora_inicio":"07:00:00","hora_fim":"19:00:00","data":"2024-11-05","id_func":44},{"tipo_turno":"diurno","hora_inicio":"07:00:00","hora_fim":"19:00:00","data":"2024-11-07","id_func":44},{"tipo_turno":"diurno","hora_inicio":"07:00:00","hora_fim":"19:00:00","data":"2024-11-09","id_func":44},{"tipo_turno":"diurno","hora_inicio":"07:00:00","hora_fim":"19:00:00","data":"2024-11-11","id_func":44},{"tipo_turno":"diurno","hora_inicio":"07:00:00","hora_fim":"19:00:00","data":"2024-11-13","id_func":44},{"tipo_turno":"diurno","hora_inicio":"07:00:00","hora_fim":"19:00:00","data":"2024-11-15","id_func":44},{"tipo_turno":"diurno","hora_inicio":"07:00:00","hora_fim":"19:00:00","data":"2024-11-17","id_func":44},{"tipo_turno":"diurno","hora_inicio":"07:00:00","hora_fim":"19:00:00","data":"2024-11-19","id_func":44},{"tipo_turno":"diurno","hora_inicio":"07:00:00","hora_fim":"19:00:00","data":"2024-11-21","id_func":44},{"tipo_turno":"diurno","hora_inicio":"07:00:00","hora_fim":"19:00:00","data":"2024-11-23","id_func":44},{"tipo_turno":"diurno","hora_inicio":"07:00:00","hora_fim":"19:00:00","data":"2024-11-25","id_func":44},{"tipo_turno":"diurno","hora_inicio":"07:00:00","hora_fim":"19:00:00","data":"2024-11-27","id_func":44},{"tipo_turno":"diurno","hora_inicio":"07:00:00","hora_fim":"19:00:00","data":"2024-11-29","id_func":44}]
Input recebido (raw): [{"tipo_turno":"noturno","hora_inicio":"19:00:00","hora_fim":"07:00:00","data":"2024-10-15","id_func":45},{"tipo_turno":"noturno","hora_inicio":"19:00:00","hora_fim":"07:00:00","data":"2024-10-17","id_func":45},{"tipo_turno":"noturno","hora_inicio":"19:00:00","hora_fim":"07:00:00","data":"2024-10-19","id_func":45},{"tipo_turno":"noturno","hora_inicio":"19:00:00","hora_fim":"07:00:00","data":"2024-10-21","id_func":45},{"tipo_turno":"noturno","hora_inicio":"19:00:00","hora_fim":"07:00:00","data":"2024-10-23","id_func":45},{"tipo_turno":"noturno","hora_inicio":"19:00:00","hora_fim":"07:00:00","data":"2024-10-25","id_func":45},{"tipo_turno":"noturno","hora_inicio":"19:00:00","hora_fim":"07:00:00","data":"2024-10-27","id_func":45},{"tipo_turno":"noturno","hora_inicio":"19:00:00","hora_fim":"07:00:00","data":"2024-10-29","id_func":45},{"tipo_turno":"noturno","hora_inicio":"19:00:00","hora_fim":"07:00:00","data":"2024-10-31","id_func":45},{"tipo_turno":"noturno","hora_inicio":"19:00:00","hora_fim":"07:00:00","data":"2024-11-02","id_func":45},{"tipo_turno":"noturno","hora_inicio":"19:00:00","hora_fim":"07:00:00","data":"2024-11-04","id_func":45},{"tipo_turno":"noturno","hora_inicio":"19:00:00","hora_fim":"07:00:00","data":"2024-11-06","id_func":45},{"tipo_turno":"noturno","hora_inicio":"19:00:00","hora_fim":"07:00:00","data":"2024-11-08","id_func":45},{"tipo_turno":"noturno","hora_inicio":"19:00:00","hora_fim":"07:00:00","data":"2024-11-10","id_func":45},{"tipo_turno":"noturno","hora_inicio":"19:00:00","hora_fim":"07:00:00","data":"2024-11-12","id_func":45},{"tipo_turno":"noturno","hora_inicio":"19:00:00","hora_fim":"07:00:00","data":"2024-11-14","id_func":45},{"tipo_turno":"noturno","hora_inicio":"19:00:00","hora_fim":"07:00:00","data":"2024-11-16","id_func":45},{"tipo_turno":"noturno","hora_inicio":"19:00:00","hora_fim":"07:00:00","data":"2024-11-18","id_func":45},{"tipo_turno":"noturno","hora_inicio":"19:00:00","hora_fim":"07:00:00","data":"2024-11-20","id_func":45},{"tipo_turno":"noturno","hora_inicio":"19:00:00","hora_fim":"07:00:00","data":"2024-11-22","id_func":45},{"tipo_turno":"noturno","hora_inicio":"19:00:00","hora_fim":"07:00:00","data":"2024-11-24","id_func":45},{"tipo_turno":"noturno","hora_inicio":"19:00:00","hora_fim":"07:00:00","data":"2024-11-26","id_func":45},{"tipo_turno":"noturno","hora_inicio":"19:00:00","hora_fim":"07:00:00","data":"2024-11-28","id_func":45},{"tipo_turno":"noturno","hora_inicio":"19:00:00","hora_fim":"07:00:00","data":"2024-11-30","id_func":45}]
Input recebido (raw): [{"tipo_turno":"noturno","hora_inicio":"19:00:00","hora_fim":"07:00:00","data":"2024-10-16","id_func":46},{"tipo_turno":"noturno","hora_inicio":"19:00:00","hora_fim":"07:00:00","data":"2024-10-18","id_func":46},{"tipo_turno":"noturno","hora_inicio":"19:00:00","hora_fim":"07:00:00","data":"2024-10-20","id_func":46},{"tipo_turno":"noturno","hora_inicio":"19:00:00","hora_fim":"07:00:00","data":"2024-10-22","id_func":46},{"tipo_turno":"noturno","hora_inicio":"19:00:00","hora_fim":"07:00:00","data":"2024-10-24","id_func":46},{"tipo_turno":"noturno","hora_inicio":"19:00:00","hora_fim":"07:00:00","data":"2024-10-26","id_func":46},{"tipo_turno":"noturno","hora_inicio":"19:00:00","hora_fim":"07:00:00","data":"2024-10-28","id_func":46},{"tipo_turno":"noturno","hora_inicio":"19:00:00","hora_fim":"07:00:00","data":"2024-10-30","id_func":46},{"tipo_turno":"noturno","hora_inicio":"19:00:00","hora_fim":"07:00:00","data":"2024-11-01","id_func":46},{"tipo_turno":"noturno","hora_inicio":"19:00:00","hora_fim":"07:00:00","data":"2024-11-03","id_func":46},{"tipo_turno":"noturno","hora_inicio":"19:00:00","hora_fim":"07:00:00","data":"2024-11-05","id_func":46},{"tipo_turno":"noturno","hora_inicio":"19:00:00","hora_fim":"07:00:00","data":"2024-11-07","id_func":46},{"tipo_turno":"noturno","hora_inicio":"19:00:00","hora_fim":"07:00:00","data":"2024-11-09","id_func":46},{"tipo_turno":"noturno","hora_inicio":"19:00:00","hora_fim":"07:00:00","data":"2024-11-11","id_func":46},{"tipo_turno":"noturno","hora_inicio":"19:00:00","hora_fim":"07:00:00","data":"2024-11-13","id_func":46},{"tipo_turno":"noturno","hora_inicio":"19:00:00","hora_fim":"07:00:00","data":"2024-11-15","id_func":46},{"tipo_turno":"noturno","hora_inicio":"19:00:00","hora_fim":"07:00:00","data":"2024-11-17","id_func":46},{"tipo_turno":"noturno","hora_inicio":"19:00:00","hora_fim":"07:00:00","data":"2024-11-19","id_func":46},{"tipo_turno":"noturno","hora_inicio":"19:00:00","hora_fim":"07:00:00","data":"2024-11-21","id_func":46},{"tipo_turno":"noturno","hora_inicio":"19:00:00","hora_fim":"07:00:00","data":"2024-11-23","id_func":46},{"tipo_turno":"noturno","hora_inicio":"19:00:00","hora_fim":"07:00:00","data":"2024-11-25","id_func":46},{"tipo_turno":"noturno","hora_inicio":"19:00:00","hora_fim":"07:00:00","data":"2024-11-27","id_func":46},{"tipo_turno":"noturno","hora_inicio":"19:00:00","hora_fim":"07:00:00","data":"2024-11-29","id_func":46}]
Input recebido (raw): [{"tipo_turno":"diurno","hora_inicio":"07:00:00","hora_fim":"19:00:00","data":"2024-10-30","id_func":47},{"tipo_turno":"diurno","hora_inicio":"07:00:00","hora_fim":"19:00:00","data":"2024-11-01","id_func":47},{"tipo_turno":"diurno","hora_inicio":"07:00:00","hora_fim":"19:00:00","data":"2024-11-03","id_func":47},{"tipo_turno":"diurno","hora_inicio":"07:00:00","hora_fim":"19:00:00","data":"2024-11-05","id_func":47},{"tipo_turno":"diurno","hora_inicio":"07:00:00","hora_fim":"19:00:00","data":"2024-11-07","id_func":47},{"tipo_turno":"diurno","hora_inicio":"07:00:00","hora_fim":"19:00:00","data":"2024-11-09","id_func":47},{"tipo_turno":"diurno","hora_inicio":"07:00:00","hora_fim":"19:00:00","data":"2024-11-11","id_func":47},{"tipo_turno":"diurno","hora_inicio":"07:00:00","hora_fim":"19:00:00","data":"2024-11-13","id_func":47},{"tipo_turno":"diurno","hora_inicio":"07:00:00","hora_fim":"19:00:00","data":"2024-11-15","id_func":47},{"tipo_turno":"diurno","hora_inicio":"07:00:00","hora_fim":"19:00:00","data":"2024-11-17","id_func":47},{"tipo_turno":"diurno","hora_inicio":"07:00:00","hora_fim":"19:00:00","data":"2024-11-19","id_func":47},{"tipo_turno":"diurno","hora_inicio":"07:00:00","hora_fim":"19:00:00","data":"2024-11-21","id_func":47},{"tipo_turno":"diurno","hora_inicio":"07:00:00","hora_fim":"19:00:00","data":"2024-11-23","id_func":47},{"tipo_turno":"diurno","hora_inicio":"07:00:00","hora_fim":"19:00:00","data":"2024-11-25","id_func":47},{"tipo_turno":"diurno","hora_inicio":"07:00:00","hora_fim":"19:00:00","data":"2024-11-27","id_func":47},{"tipo_turno":"diurno","hora_inicio":"07:00:00","hora_fim":"19:00:00","data":"2024-11-29","id_func":47},{"tipo_turno":"diurno","hora_inicio":"07:00:00","hora_fim":"19:00:00","data":"2024-12-01","id_func":47},{"tipo_turno":"diurno","hora_inicio":"07:00:00","hora_fim":"19:00:00","data":"2024-12-03","id_func":47},{"tipo_turno":"diurno","hora_inicio":"07:00:00","hora_fim":"19:00:00","data":"2024-12-05","id_func":47},{"tipo_turno":"diurno","hora_inicio":"07:00:00","hora_fim":"19:00:00","data":"2024-12-07","id_func":47},{"tipo_turno":"diurno","hora_inicio":"07:00:00","hora_fim":"19:00:00","data":"2024-12-09","id_func":47},{"tipo_turno":"diurno","hora_inicio":"07:00:00","hora_fim":"19:00:00","data":"2024-12-11","id_func":47},{"tipo_turno":"diurno","hora_inicio":"07:00:00","hora_fim":"19:00:00","data":"2024-12-13","id_func":47},{"tipo_turno":"diurno","hora_inicio":"07:00:00","hora_fim":"19:00:00","data":"2024-12-15","id_func":47},{"tipo_turno":"diurno","hora_inicio":"07:00:00","hora_fim":"19:00:00","data":"2024-12-17","id_func":47},{"tipo_turno":"diurno","hora_inicio":"07:00:00","hora_fim":"19:00:00","data":"2024-12-19","id_func":47},{"tipo_turno":"diurno","hora_inicio":"07:00:00","hora_fim":"19:00:00","data":"2024-12-21","id_func":47},{"tipo_turno":"diurno","hora_inicio":"07:00:00","hora_fim":"19:00:00","data":"2024-12-23","id_func":47},{"tipo_turno":"diurno","hora_inicio":"07:00:00","hora_fim":"19:00:00","data":"2024-12-25","id_func":47},{"tipo_turno":"diurno","hora_inicio":"07:00:00","hora_fim":"19:00:00","data":"2024-12-27","id_func":47},{"tipo_turno":"diurno","hora_inicio":"07:00:00","hora_fim":"19:00:00","data":"2024-12-29","id_func":47},{"tipo_turno":"diurno","hora_inicio":"07:00:00","hora_fim":"19:00:00","data":"2024-12-31","id_func":47}]
Input recebido (raw): [{"tipo_turno":"diurno","hora_inicio":"07:00:00","hora_fim":"19:00:00","data":"2024-11-01","id_func":48},{"tipo_turno":"diurno","hora_inicio":"07:00:00","hora_fim":"19:00:00","data":"2024-11-03","id_func":48},{"tipo_turno":"diurno","hora_inicio":"07:00:00","hora_fim":"19:00:00","data":"2024-11-05","id_func":48},{"tipo_turno":"diurno","hora_inicio":"07:00:00","hora_fim":"19:00:00","data":"2024-11-07","id_func":48},{"tipo_turno":"diurno","hora_inicio":"07:00:00","hora_fim":"19:00:00","data":"2024-11-09","id_func":48},{"tipo_turno":"diurno","hora_inicio":"07:00:00","hora_fim":"19:00:00","data":"2024-11-11","id_func":48},{"tipo_turno":"diurno","hora_inicio":"07:00:00","hora_fim":"19:00:00","data":"2024-11-13","id_func":48},{"tipo_turno":"diurno","hora_inicio":"07:00:00","hora_fim":"19:00:00","data":"2024-11-15","id_func":48},{"tipo_turno":"diurno","hora_inicio":"07:00:00","hora_fim":"19:00:00","data":"2024-11-17","id_func":48},{"tipo_turno":"diurno","hora_inicio":"07:00:00","hora_fim":"19:00:00","data":"2024-11-19","id_func":48},{"tipo_turno":"diurno","hora_inicio":"07:00:00","hora_fim":"19:00:00","data":"2024-11-21","id_func":48},{"tipo_turno":"diurno","hora_inicio":"07:00:00","hora_fim":"19:00:00","data":"2024-11-23","id_func":48},{"tipo_turno":"diurno","hora_inicio":"07:00:00","hora_fim":"19:00:00","data":"2024-11-25","id_func":48},{"tipo_turno":"diurno","hora_inicio":"07:00:00","hora_fim":"19:00:00","data":"2024-11-27","id_func":48},{"tipo_turno":"diurno","hora_inicio":"07:00:00","hora_fim":"19:00:00","data":"2024-11-29","id_func":48},{"tipo_turno":"diurno","hora_inicio":"07:00:00","hora_fim":"19:00:00","data":"2024-12-01","id_func":48},{"tipo_turno":"diurno","hora_inicio":"07:00:00","hora_fim":"19:00:00","data":"2024-12-03","id_func":48},{"tipo_turno":"diurno","hora_inicio":"07:00:00","hora_fim":"19:00:00","data":"2024-12-05","id_func":48},{"tipo_turno":"diurno","hora_inicio":"07:00:00","hora_fim":"19:00:00","data":"2024-12-07","id_func":48},{"tipo_turno":"diurno","hora_inicio":"07:00:00","hora_fim":"19:00:00","data":"2024-12-09","id_func":48},{"tipo_turno":"diurno","hora_inicio":"07:00:00","hora_fim":"19:00:00","data":"2024-12-11","id_func":48},{"tipo_turno":"diurno","hora_inicio":"07:00:00","hora_fim":"19:00:00","data":"2024-12-13","id_func":48},{"tipo_turno":"diurno","hora_inicio":"07:00:00","hora_fim":"19:00:00","data":"2024-12-15","id_func":48},{"tipo_turno":"diurno","hora_inicio":"07:00:00","hora_fim":"19:00:00","data":"2024-12-17","id_func":48},{"tipo_turno":"diurno","hora_inicio":"07:00:00","hora_fim":"19:00:00","data":"2024-12-19","id_func":48},{"tipo_turno":"diurno","hora_inicio":"07:00:00","hora_fim":"19:00:00","data":"2024-12-21","id_func":48},{"tipo_turno":"diurno","hora_inicio":"07:00:00","hora_fim":"19:00:00","data":"2024-12-23","id_func":48},{"tipo_turno":"diurno","hora_inicio":"07:00:00","hora_fim":"19:00:00","data":"2024-12-25","id_func":48},{"tipo_turno":"diurno","hora_inicio":"07:00:00","hora_fim":"19:00:00","data":"2024-12-27","id_func":48},{"tipo_turno":"diurno","hora_inicio":"07:00:00","hora_fim":"19:00:00","data":"2024-12-29","id_func":48},{"tipo_turno":"diurno","hora_inicio":"07:00:00","hora_fim":"19:00:00","data":"2024-12-31","id_func":48}]
Input recebido (raw): [{"tipo_turno":"noturno","hora_inicio":"19:00:00","hora_fim":"07:00:00","data":"2024-11-01","id_func":49},{"tipo_turno":"noturno","hora_inicio":"19:00:00","hora_fim":"07:00:00","data":"2024-11-03","id_func":49},{"tipo_turno":"noturno","hora_inicio":"19:00:00","hora_fim":"07:00:00","data":"2024-11-05","id_func":49},{"tipo_turno":"noturno","hora_inicio":"19:00:00","hora_fim":"07:00:00","data":"2024-11-07","id_func":49},{"tipo_turno":"noturno","hora_inicio":"19:00:00","hora_fim":"07:00:00","data":"2024-11-09","id_func":49},{"tipo_turno":"noturno","hora_inicio":"19:00:00","hora_fim":"07:00:00","data":"2024-11-11","id_func":49},{"tipo_turno":"noturno","hora_inicio":"19:00:00","hora_fim":"07:00:00","data":"2024-11-13","id_func":49},{"tipo_turno":"noturno","hora_inicio":"19:00:00","hora_fim":"07:00:00","data":"2024-11-15","id_func":49},{"tipo_turno":"noturno","hora_inicio":"19:00:00","hora_fim":"07:00:00","data":"2024-11-17","id_func":49},{"tipo_turno":"noturno","hora_inicio":"19:00:00","hora_fim":"07:00:00","data":"2024-11-19","id_func":49},{"tipo_turno":"noturno","hora_inicio":"19:00:00","hora_fim":"07:00:00","data":"2024-11-21","id_func":49},{"tipo_turno":"noturno","hora_inicio":"19:00:00","hora_fim":"07:00:00","data":"2024-11-23","id_func":49},{"tipo_turno":"noturno","hora_inicio":"19:00:00","hora_fim":"07:00:00","data":"2024-11-25","id_func":49},{"tipo_turno":"noturno","hora_inicio":"19:00:00","hora_fim":"07:00:00","data":"2024-11-27","id_func":49},{"tipo_turno":"noturno","hora_inicio":"19:00:00","hora_fim":"07:00:00","data":"2024-11-29","id_func":49},{"tipo_turno":"noturno","hora_inicio":"19:00:00","hora_fim":"07:00:00","data":"2024-12-01","id_func":49},{"tipo_turno":"noturno","hora_inicio":"19:00:00","hora_fim":"07:00:00","data":"2024-12-03","id_func":49},{"tipo_turno":"noturno","hora_inicio":"19:00:00","hora_fim":"07:00:00","data":"2024-12-05","id_func":49},{"tipo_turno":"noturno","hora_inicio":"19:00:00","hora_fim":"07:00:00","data":"2024-12-07","id_func":49},{"tipo_turno":"noturno","hora_inicio":"19:00:00","hora_fim":"07:00:00","data":"2024-12-09","id_func":49},{"tipo_turno":"noturno","hora_inicio":"19:00:00","hora_fim":"07:00:00","data":"2024-12-11","id_func":49},{"tipo_turno":"noturno","hora_inicio":"19:00:00","hora_fim":"07:00:00","data":"2024-12-13","id_func":49},{"tipo_turno":"noturno","hora_inicio":"19:00:00","hora_fim":"07:00:00","data":"2024-12-15","id_func":49},{"tipo_turno":"noturno","hora_inicio":"19:00:00","hora_fim":"07:00:00","data":"2024-12-17","id_func":49},{"tipo_turno":"noturno","hora_inicio":"19:00:00","hora_fim":"07:00:00","data":"2024-12-19","id_func":49},{"tipo_turno":"noturno","hora_inicio":"19:00:00","hora_fim":"07:00:00","data":"2024-12-21","id_func":49},{"tipo_turno":"noturno","hora_inicio":"19:00:00","hora_fim":"07:00:00","data":"2024-12-23","id_func":49},{"tipo_turno":"noturno","hora_inicio":"19:00:00","hora_fim":"07:00:00","data":"2024-12-25","id_func":49},{"tipo_turno":"noturno","hora_inicio":"19:00:00","hora_fim":"07:00:00","data":"2024-12-27","id_func":49},{"tipo_turno":"noturno","hora_inicio":"19:00:00","hora_fim":"07:00:00","data":"2024-12-29","id_func":49},{"tipo_turno":"noturno","hora_inicio":"19:00:00","hora_fim":"07:00:00","data":"2024-12-31","id_func":49}]
Input recebido (raw): [{"tipo_turno":"diurno","hora_inicio":"07:00:00","hora_fim":"19:00:00","data":"2024-11-10","id_func":51},{"tipo_turno":"diurno","hora_inicio":"07:00:00","hora_fim":"19:00:00","data":"2024-11-12","id_func":51},{"tipo_turno":"diurno","hora_inicio":"07:00:00","hora_fim":"19:00:00","data":"2024-11-14","id_func":51},{"tipo_turno":"diurno","hora_inicio":"07:00:00","hora_fim":"19:00:00","data":"2024-11-16","id_func":51},{"tipo_turno":"diurno","hora_inicio":"07:00:00","hora_fim":"19:00:00","data":"2024-11-18","id_func":51},{"tipo_turno":"diurno","hora_inicio":"07:00:00","hora_fim":"19:00:00","data":"2024-11-20","id_func":51},{"tipo_turno":"diurno","hora_inicio":"07:00:00","hora_fim":"19:00:00","data":"2024-11-22","id_func":51},{"tipo_turno":"diurno","hora_inicio":"07:00:00","hora_fim":"19:00:00","data":"2024-11-24","id_func":51},{"tipo_turno":"diurno","hora_inicio":"07:00:00","hora_fim":"19:00:00","data":"2024-11-26","id_func":51},{"tipo_turno":"diurno","hora_inicio":"07:00:00","hora_fim":"19:00:00","data":"2024-11-28","id_func":51},{"tipo_turno":"diurno","hora_inicio":"07:00:00","hora_fim":"19:00:00","data":"2024-11-30","id_func":51},{"tipo_turno":"diurno","hora_inicio":"07:00:00","hora_fim":"19:00:00","data":"2024-12-02","id_func":51},{"tipo_turno":"diurno","hora_inicio":"07:00:00","hora_fim":"19:00:00","data":"2024-12-04","id_func":51},{"tipo_turno":"diurno","hora_inicio":"07:00:00","hora_fim":"19:00:00","data":"2024-12-06","id_func":51},{"tipo_turno":"diurno","hora_inicio":"07:00:00","hora_fim":"19:00:00","data":"2024-12-08","id_func":51},{"tipo_turno":"diurno","hora_inicio":"07:00:00","hora_fim":"19:00:00","data":"2024-12-10","id_func":51},{"tipo_turno":"diurno","hora_inicio":"07:00:00","hora_fim":"19:00:00","data":"2024-12-12","id_func":51},{"tipo_turno":"diurno","hora_inicio":"07:00:00","hora_fim":"19:00:00","data":"2024-12-14","id_func":51},{"tipo_turno":"diurno","hora_inicio":"07:00:00","hora_fim":"19:00:00","data":"2024-12-16","id_func":51},{"tipo_turno":"diurno","hora_inicio":"07:00:00","hora_fim":"19:00:00","data":"2024-12-18","id_func":51},{"tipo_turno":"diurno","hora_inicio":"07:00:00","hora_fim":"19:00:00","data":"2024-12-20","id_func":51},{"tipo_turno":"diurno","hora_inicio":"07:00:00","hora_fim":"19:00:00","data":"2024-12-22","id_func":51},{"tipo_turno":"diurno","hora_inicio":"07:00:00","hora_fim":"19:00:00","data":"2024-12-24","id_func":51},{"tipo_turno":"diurno","hora_inicio":"07:00:00","hora_fim":"19:00:00","data":"2024-12-26","id_func":51},{"tipo_turno":"diurno","hora_inicio":"07:00:00","hora_fim":"19:00:00","data":"2024-12-28","id_func":51},{"tipo_turno":"diurno","hora_inicio":"07:00:00","hora_fim":"19:00:00","data":"2024-12-30","id_func":51}]
